<?xml version="1.0" encoding="UTF-8"?>
<coverage generated="1507889850">
    <project timestamp="1507889850">
        <file name="/home/george/www/transformers/src/Exception/ExceptionInterface.php">
            <metrics loc="21" ncloc="10" classes="0" methods="0" coveredmethods="0" conditionals="0"
                     coveredconditionals="0" statements="0" coveredstatements="0" elements="0" coveredelements="0"/>
        </file>
        <package name="NewInventor\Transformers\Exception">
            <file name="/home/george/www/transformers/src/Exception/TransformationContainerException.php">
                <class name="TransformationContainerException" namespace="NewInventor\Transformers\Exception">
                    <metrics complexity="4" methods="4" coveredmethods="1" conditionals="0" coveredconditionals="0"
                             statements="8" coveredstatements="5" elements="12" coveredelements="6"/>
                </class>
                <line num="29" type="method" name="__construct" visibility="public" complexity="1" crap="1" count="3"/>
                <line num="31" type="stmt" count="3"/>
                <line num="32" type="stmt" count="3"/>
                <line num="33" type="stmt" count="3"/>
                <line num="34" type="stmt" count="3"/>
                <line num="35" type="stmt" count="3"/>
                <line num="40" type="method" name="getClassName" visibility="public" complexity="1" crap="2" count="0"/>
                <line num="42" type="stmt" count="0"/>
                <line num="48" type="method" name="getStringCode" visibility="public" complexity="1" crap="2"
                      count="0"/>
                <line num="50" type="stmt" count="0"/>
                <line num="56" type="method" name="getInner" visibility="public" complexity="1" crap="2" count="0"/>
                <line num="58" type="stmt" count="0"/>
                <metrics loc="59" ncloc="35" classes="1" methods="4" coveredmethods="1" conditionals="0"
                         coveredconditionals="0" statements="8" coveredstatements="5" elements="12"
                         coveredelements="6"/>
            </file>
            <file name="/home/george/www/transformers/src/Exception/TransformationException.php">
                <class name="TransformationException" namespace="NewInventor\Transformers\Exception">
                    <metrics complexity="3" methods="3" coveredmethods="1" conditionals="0" coveredconditionals="0"
                             statements="6" coveredstatements="4" elements="9" coveredelements="5"/>
                </class>
                <line num="26" type="method" name="__construct" visibility="public" complexity="1" crap="1" count="4"/>
                <line num="28" type="stmt" count="4"/>
                <line num="29" type="stmt" count="4"/>
                <line num="30" type="stmt" count="4"/>
                <line num="31" type="stmt" count="4"/>
                <line num="36" type="method" name="getClassName" visibility="public" complexity="1" crap="2" count="0"/>
                <line num="38" type="stmt" count="0"/>
                <line num="44" type="method" name="getStringCode" visibility="public" complexity="1" crap="2"
                      count="0"/>
                <line num="46" type="stmt" count="0"/>
                <metrics loc="47" ncloc="28" classes="1" methods="3" coveredmethods="1" conditionals="0"
                         coveredconditionals="0" statements="6" coveredstatements="4" elements="9" coveredelements="5"/>
            </file>
            <file name="/home/george/www/transformers/src/Exception/TypeException.php">
                <class name="TypeException" namespace="NewInventor\Transformers\Exception">
                    <metrics complexity="3" methods="3" coveredmethods="1" conditionals="0" coveredconditionals="0"
                             statements="6" coveredstatements="4" elements="9" coveredelements="5"/>
                </class>
                <line num="26" type="method" name="__construct" visibility="public" complexity="1" crap="1" count="72"/>
                <line num="28" type="stmt" count="72"/>
                <line num="29" type="stmt" count="72"/>
                <line num="30" type="stmt" count="72"/>
                <line num="31" type="stmt" count="72"/>
                <line num="36" type="method" name="getClassName" visibility="public" complexity="1" crap="2" count="0"/>
                <line num="38" type="stmt" count="0"/>
                <line num="44" type="method" name="getStringCode" visibility="public" complexity="1" crap="2"
                      count="0"/>
                <line num="46" type="stmt" count="0"/>
                <metrics loc="47" ncloc="28" classes="1" methods="3" coveredmethods="1" conditionals="0"
                         coveredconditionals="0" statements="6" coveredstatements="4" elements="9" coveredelements="5"/>
            </file>
        </package>
        <package name="NewInventor\Transformers">
            <file name="/home/george/www/transformers/src/Transformer.php">
                <class name="Transformer" namespace="NewInventor\Transformers">
                    <metrics complexity="7" methods="3" coveredmethods="3" conditionals="0" coveredconditionals="0"
                             statements="10" coveredstatements="10" elements="13" coveredelements="13"/>
                </class>
                <line num="17" type="method" name="make" visibility="public" complexity="1" crap="1" count="77"/>
                <line num="20" type="stmt" count="77"/>
                <line num="32" type="method" name="transform" visibility="public" complexity="4" crap="4" count="94"/>
                <line num="34" type="stmt" count="94"/>
                <line num="35" type="stmt" count="8"/>
                <line num="38" type="stmt" count="94"/>
                <line num="39" type="stmt" count="94"/>
                <line num="40" type="stmt" count="71"/>
                <line num="41" type="stmt" count="67"/>
                <line num="42" type="stmt" count="4"/>
                <line num="43" type="stmt" count="4"/>
                <line num="52" type="method" name="validateInputTypes" visibility="protected" complexity="1" crap="1"
                      count="6"/>
                <line num="55" type="stmt" count="6"/>
                <metrics loc="62" ncloc="37" classes="1" methods="3" coveredmethods="3" conditionals="0"
                         coveredconditionals="0" statements="10" coveredstatements="10" elements="13"
                         coveredelements="13"/>
            </file>
            <file name="/home/george/www/transformers/src/TransformerContainer.php">
                <class name="TransformerContainer" namespace="NewInventor\Transformers">
                    <metrics complexity="6" methods="2" coveredmethods="1" conditionals="0" coveredconditionals="0"
                             statements="16" coveredstatements="15" elements="18" coveredelements="16"/>
                </class>
                <line num="29" type="method" name="__construct" visibility="public" complexity="1" crap="1" count="9"/>
                <line num="31" type="stmt" count="9"/>
                <line num="32" type="stmt" count="9"/>
                <line num="44" type="method" name="transform" visibility="public" complexity="5" crap="5.01" count="9"/>
                <line num="46" type="stmt" count="9"/>
                <line num="47" type="stmt" count="0"/>
                <line num="50" type="stmt" count="9"/>
                <line num="51" type="stmt" count="4"/>
                <line num="52" type="stmt" count="2"/>
                <line num="54" type="stmt" count="4"/>
                <line num="55" type="stmt" count="4"/>
                <line num="56" type="stmt" count="3"/>
                <line num="57" type="stmt" count="3"/>
                <line num="58" type="stmt" count="3"/>
                <line num="59" type="stmt" count="3"/>
                <line num="63" type="stmt" count="3"/>
                <line num="64" type="stmt" count="8"/>
                <line num="65" type="stmt" count="5"/>
                <metrics loc="67" ncloc="44" classes="1" methods="2" coveredmethods="1" conditionals="0"
                         coveredconditionals="0" statements="16" coveredstatements="15" elements="18"
                         coveredelements="16"/>
            </file>
        </package>
        <package name="NewInventor\Transformers\Transformer">
            <file name="/home/george/www/transformers/src/Transformer/ArrayToCsvString.php">
                <class name="ArrayToCsvString" namespace="NewInventor\Transformers\Transformer">
                    <metrics complexity="15" methods="5" coveredmethods="5" conditionals="0" coveredconditionals="0"
                             statements="25" coveredstatements="25" elements="30" coveredelements="30"/>
                </class>
                <line num="33" type="method" name="__construct" visibility="public" complexity="1" crap="1" count="6"/>
                <line num="39" type="stmt" count="6"/>
                <line num="40" type="stmt" count="6"/>
                <line num="41" type="stmt" count="6"/>
                <line num="42" type="stmt" count="6"/>
                <line num="43" type="stmt" count="6"/>
                <line num="45" type="method" name="transformInputValue" visibility="protected" complexity="2" crap="2"
                      count="1"/>
                <line num="47" type="stmt" count="1"/>
                <line num="50" type="method" name="itemToCsvFormat" visibility="protected" complexity="8" crap="8"
                      count="1"/>
                <line num="53" type="stmt" count="1"/>
                <line num="55" type="stmt" count="1"/>
                <line num="57" type="stmt" count="1"/>
                <line num="58" type="stmt" count="1"/>
                <line num="59" type="stmt" count="1"/>
                <line num="63" type="stmt" count="1"/>
                <line num="64" type="stmt" count="1"/>
                <line num="65" type="stmt" count="1"/>
                <line num="67" type="stmt" count="1"/>
                <line num="68" type="stmt" count="1"/>
                <line num="71" type="stmt" count="1"/>
                <line num="74" type="method" name="validateInputTypes" visibility="protected" complexity="2" crap="2"
                      count="6"/>
                <line num="76" type="stmt" count="6"/>
                <line num="77" type="stmt" count="6"/>
                <line num="78" type="stmt" count="6"/>
                <line num="79" type="stmt" count="6"/>
                <line num="80" type="stmt" count="6"/>
                <line num="81" type="stmt" count="6"/>
                <line num="82" type="method" name="anonymousFunction:82#399" complexity="2" crap="2" count="6"/>
                <line num="83" type="stmt" count="1"/>
                <line num="84" type="stmt" count="6"/>
                <metrics loc="87" ncloc="70" classes="1" methods="5" coveredmethods="5" conditionals="0"
                         coveredconditionals="0" statements="25" coveredstatements="25" elements="30"
                         coveredelements="30"/>
            </file>
            <file name="/home/george/www/transformers/src/Transformer/AsEmpty.php">
                <class name="AsEmpty" namespace="NewInventor\Transformers\Transformer">
                    <metrics complexity="2" methods="1" coveredmethods="1" conditionals="0" coveredconditionals="0"
                             statements="3" coveredstatements="3" elements="4" coveredelements="4"/>
                </class>
                <line num="15" type="method" name="transformInputValue" visibility="protected" complexity="2" crap="2"
                      count="1"/>
                <line num="17" type="stmt" count="1"/>
                <line num="18" type="stmt" count="1"/>
                <line num="21" type="stmt" count="1"/>
                <metrics loc="22" ncloc="17" classes="1" methods="1" coveredmethods="1" conditionals="0"
                         coveredconditionals="0" statements="3" coveredstatements="3" elements="4" coveredelements="4"/>
            </file>
            <file name="/home/george/www/transformers/src/Transformer/BoolToMixed.php">
                <class name="BoolToMixed" namespace="NewInventor\Transformers\Transformer">
                    <metrics complexity="4" methods="3" coveredmethods="3" conditionals="0" coveredconditionals="0"
                             statements="8" coveredstatements="8" elements="11" coveredelements="11"/>
                </class>
                <line num="29" type="method" name="__construct" visibility="public" complexity="1" crap="1" count="8"/>
                <line num="31" type="stmt" count="8"/>
                <line num="32" type="stmt" count="8"/>
                <line num="33" type="stmt" count="8"/>
                <line num="34" type="stmt" count="8"/>
                <line num="35" type="stmt" count="8"/>
                <line num="37" type="method" name="transformInputValue" visibility="public" complexity="2" crap="2"
                      count="3"/>
                <line num="39" type="stmt" count="3"/>
                <line num="42" type="method" name="validateInputTypes" visibility="public" complexity="1" crap="1"
                      count="8"/>
                <line num="44" type="stmt" count="8"/>
                <line num="45" type="stmt" count="3"/>
                <metrics loc="45" ncloc="30" classes="1" methods="3" coveredmethods="3" conditionals="0"
                         coveredconditionals="0" statements="8" coveredstatements="8" elements="11"
                         coveredelements="11"/>
            </file>
            <file name="/home/george/www/transformers/src/Transformer/ChainTransformer.php">
                <class name="ChainTransformer" namespace="NewInventor\Transformers\Transformer">
                    <metrics complexity="4" methods="1" coveredmethods="1" conditionals="0" coveredconditionals="0"
                             statements="6" coveredstatements="6" elements="7" coveredelements="7"/>
                </class>
                <line num="15" type="method" name="transformInputValue" visibility="protected" complexity="4" crap="4"
                      count="2"/>
                <line num="17" type="stmt" count="2"/>
                <line num="18" type="stmt" count="2"/>
                <line num="20" type="stmt" count="2"/>
                <line num="21" type="stmt" count="1"/>
                <line num="22" type="stmt" count="2"/>
                <line num="27" type="stmt" count="2"/>
                <metrics loc="28" ncloc="23" classes="1" methods="1" coveredmethods="1" conditionals="0"
                         coveredconditionals="0" statements="6" coveredstatements="6" elements="7" coveredelements="7"/>
            </file>
            <file name="/home/george/www/transformers/src/Transformer/CsvStringToArray.php">
                <class name="CsvStringToArray" namespace="NewInventor\Transformers\Transformer">
                    <metrics complexity="3" methods="3" coveredmethods="3" conditionals="0" coveredconditionals="0"
                             statements="7" coveredstatements="7" elements="10" coveredelements="10"/>
                </class>
                <line num="29" type="method" name="__construct" visibility="public" complexity="1" crap="1" count="6"/>
                <line num="31" type="stmt" count="6"/>
                <line num="32" type="stmt" count="6"/>
                <line num="33" type="stmt" count="6"/>
                <line num="34" type="stmt" count="6"/>
                <line num="41" type="method" name="validateInputTypes" visibility="protected" complexity="1" crap="1"
                      count="6"/>
                <line num="43" type="stmt" count="6"/>
                <line num="44" type="stmt" count="1"/>
                <line num="46" type="method" name="transformInputValue" visibility="protected" complexity="1" crap="1"
                      count="1"/>
                <line num="48" type="stmt" count="1"/>
                <metrics loc="49" ncloc="29" classes="1" methods="3" coveredmethods="3" conditionals="0"
                         coveredconditionals="0" statements="7" coveredstatements="7" elements="10"
                         coveredelements="10"/>
            </file>
            <file name="/home/george/www/transformers/src/Transformer/DateTimeToString.php">
                <class name="DateTimeToString" namespace="NewInventor\Transformers\Transformer">
                    <metrics complexity="4" methods="3" coveredmethods="3" conditionals="0" coveredconditionals="0"
                             statements="5" coveredstatements="5" elements="8" coveredelements="8"/>
                </class>
                <line num="26" type="method" name="__construct" visibility="public" complexity="1" crap="1" count="7"/>
                <line num="28" type="stmt" count="7"/>
                <line num="29" type="stmt" count="7"/>
                <line num="36" type="method" name="transformInputValue" visibility="public" complexity="2" crap="2"
                      count="1"/>
                <line num="38" type="stmt" count="1"/>
                <line num="41" type="method" name="validateInputTypes" visibility="protected" complexity="1" crap="1"
                      count="7"/>
                <line num="43" type="stmt" count="7"/>
                <line num="44" type="stmt" count="1"/>
                <metrics loc="44" ncloc="26" classes="1" methods="3" coveredmethods="3" conditionals="0"
                         coveredconditionals="0" statements="5" coveredstatements="5" elements="8" coveredelements="8"/>
            </file>
            <file name="/home/george/www/transformers/src/Transformer/InnerTransformer.php">
                <class name="InnerTransformer" namespace="NewInventor\Transformers\Transformer">
                    <metrics complexity="7" methods="2" coveredmethods="2" conditionals="0" coveredconditionals="0"
                             statements="13" coveredstatements="13" elements="15" coveredelements="15"/>
                </class>
                <line num="16" type="method" name="transformInputValue" visibility="protected" complexity="6" crap="6"
                      count="2"/>
                <line num="18" type="stmt" count="2"/>
                <line num="19" type="stmt" count="2"/>
                <line num="20" type="stmt" count="2"/>
                <line num="21" type="stmt" count="2"/>
                <line num="22" type="stmt" count="2"/>
                <line num="24" type="stmt" count="2"/>
                <line num="25" type="stmt" count="2"/>
                <line num="26" type="stmt" count="2"/>
                <line num="29" type="stmt" count="2"/>
                <line num="30" type="stmt" count="2"/>
                <line num="35" type="stmt" count="2"/>
                <line num="38" type="method" name="validateInputTypes" visibility="protected" complexity="1" crap="1"
                      count="7"/>
                <line num="40" type="stmt" count="7"/>
                <line num="41" type="stmt" count="2"/>
                <metrics loc="41" ncloc="36" classes="1" methods="2" coveredmethods="2" conditionals="0"
                         coveredconditionals="0" statements="13" coveredstatements="13" elements="15"
                         coveredelements="15"/>
            </file>
            <file name="/home/george/www/transformers/src/Transformer/StringToCamelCase.php">
                <class name="StringToCamelCase" namespace="NewInventor\Transformers\Transformer">
                    <metrics complexity="3" methods="3" coveredmethods="3" conditionals="0" coveredconditionals="0"
                             statements="6" coveredstatements="6" elements="9" coveredelements="9"/>
                </class>
                <line num="16" type="method" name="transformInputValue" visibility="protected" complexity="1" crap="1"
                      count="1"/>
                <line num="18" type="stmt" count="1"/>
                <line num="19" type="stmt" count="1"/>
                <line num="20" type="method" name="anonymousFunction:20#61" complexity="1" crap="1" count="1"/>
                <line num="21" type="stmt" count="1"/>
                <line num="22" type="stmt" count="1"/>
                <line num="23" type="stmt" count="1"/>
                <line num="26" type="stmt" count="1"/>
                <line num="29" type="method" name="validateInputTypes" visibility="protected" complexity="1" crap="1"
                      count="6"/>
                <line num="31" type="stmt" count="6"/>
                <line num="32" type="stmt" count="1"/>
                <metrics loc="32" ncloc="27" classes="1" methods="3" coveredmethods="3" conditionals="0"
                         coveredconditionals="0" statements="8" coveredstatements="8" elements="11"
                         coveredelements="11"/>
            </file>
            <file name="/home/george/www/transformers/src/Transformer/StringToDateTime.php">
                <class name="StringToDateTime" namespace="NewInventor\Transformers\Transformer">
                    <metrics complexity="4" methods="3" coveredmethods="3" conditionals="0" coveredconditionals="0"
                             statements="8" coveredstatements="8" elements="11" coveredelements="11"/>
                </class>
                <line num="24" type="method" name="__construct" visibility="public" complexity="1" crap="1" count="9"/>
                <line num="26" type="stmt" count="9"/>
                <line num="27" type="stmt" count="9"/>
                <line num="29" type="method" name="validateInputTypes" visibility="protected" complexity="1" crap="1"
                      count="9"/>
                <line num="31" type="stmt" count="9"/>
                <line num="32" type="stmt" count="4"/>
                <line num="34" type="method" name="transformInputValue" visibility="protected" complexity="2" crap="2"
                      count="4"/>
                <line num="36" type="stmt" count="4"/>
                <line num="37" type="stmt" count="4"/>
                <line num="38" type="stmt" count="3"/>
                <line num="40" type="stmt" count="3"/>
                <metrics loc="41" ncloc="30" classes="1" methods="3" coveredmethods="3" conditionals="0"
                         coveredconditionals="0" statements="8" coveredstatements="8" elements="11"
                         coveredelements="11"/>
            </file>
            <file name="/home/george/www/transformers/src/Transformer/StringToLowerCase.php">
                <class name="StringToLowerCase" namespace="NewInventor\Transformers\Transformer">
                    <metrics complexity="2" methods="2" coveredmethods="2" conditionals="0" coveredconditionals="0"
                             statements="3" coveredstatements="3" elements="5" coveredelements="5"/>
                </class>
                <line num="16" type="method" name="transformInputValue" visibility="protected" complexity="1" crap="1"
                      count="1"/>
                <line num="18" type="stmt" count="1"/>
                <line num="21" type="method" name="validateInputTypes" visibility="protected" complexity="1" crap="1"
                      count="6"/>
                <line num="23" type="stmt" count="6"/>
                <line num="24" type="stmt" count="1"/>
                <metrics loc="24" ncloc="19" classes="1" methods="2" coveredmethods="2" conditionals="0"
                         coveredconditionals="0" statements="3" coveredstatements="3" elements="5" coveredelements="5"/>
            </file>
            <file name="/home/george/www/transformers/src/Transformer/StringToPhone.php">
                <class name="StringToPhone" namespace="NewInventor\Transformers\Transformer">
                    <metrics complexity="3" methods="2" coveredmethods="2" conditionals="0" coveredconditionals="0"
                             statements="6" coveredstatements="6" elements="8" coveredelements="8"/>
                </class>
                <line num="16" type="method" name="transformInputValue" visibility="protected" complexity="2" crap="2"
                      count="1"/>
                <line num="18" type="stmt" count="1"/>
                <line num="19" type="stmt" count="1"/>
                <line num="20" type="stmt" count="1"/>
                <line num="23" type="stmt" count="1"/>
                <line num="26" type="method" name="validateInputTypes" visibility="protected" complexity="1" crap="1"
                      count="6"/>
                <line num="28" type="stmt" count="6"/>
                <line num="29" type="stmt" count="1"/>
                <metrics loc="29" ncloc="24" classes="1" methods="2" coveredmethods="2" conditionals="0"
                         coveredconditionals="0" statements="6" coveredstatements="6" elements="8" coveredelements="8"/>
            </file>
            <file name="/home/george/www/transformers/src/Transformer/StringToScreamingSnakeCase.php">
                <class name="StringToScreamingSnakeCase" namespace="NewInventor\Transformers\Transformer">
                    <metrics complexity="3" methods="3" coveredmethods="3" conditionals="0" coveredconditionals="0"
                             statements="7" coveredstatements="7" elements="10" coveredelements="10"/>
                </class>
                <line num="16" type="method" name="transformInputValue" visibility="protected" complexity="1" crap="1"
                      count="77"/>
                <line num="18" type="stmt" count="77"/>
                <line num="19" type="stmt" count="77"/>
                <line num="20" type="stmt" count="77"/>
                <line num="21" type="method" name="anonymousFunction:21#87" complexity="1" crap="1" count="77"/>
                <line num="22" type="stmt" count="77"/>
                <line num="23" type="stmt" count="77"/>
                <line num="24" type="stmt" count="77"/>
                <line num="26" type="stmt" count="77"/>
                <line num="28" type="stmt" count="77"/>
                <line num="31" type="method" name="validateInputTypes" visibility="protected" complexity="1" crap="1"
                      count="77"/>
                <line num="33" type="stmt" count="77"/>
                <line num="34" type="stmt" count="77"/>
                <metrics loc="34" ncloc="29" classes="1" methods="3" coveredmethods="3" conditionals="0"
                         coveredconditionals="0" statements="10" coveredstatements="10" elements="13"
                         coveredelements="13"/>
            </file>
            <file name="/home/george/www/transformers/src/Transformer/StringToUpperCase.php">
                <class name="StringToUpperCase" namespace="NewInventor\Transformers\Transformer">
                    <metrics complexity="2" methods="2" coveredmethods="2" conditionals="0" coveredconditionals="0"
                             statements="3" coveredstatements="3" elements="5" coveredelements="5"/>
                </class>
                <line num="16" type="method" name="transformInputValue" visibility="protected" complexity="1" crap="1"
                      count="3"/>
                <line num="18" type="stmt" count="3"/>
                <line num="21" type="method" name="validateInputTypes" visibility="protected" complexity="1" crap="1"
                      count="8"/>
                <line num="23" type="stmt" count="8"/>
                <line num="24" type="stmt" count="3"/>
                <metrics loc="24" ncloc="19" classes="1" methods="2" coveredmethods="2" conditionals="0"
                         coveredconditionals="0" statements="3" coveredstatements="3" elements="5" coveredelements="5"/>
            </file>
            <file name="/home/george/www/transformers/src/Transformer/ToArray.php">
                <class name="ToArray" namespace="NewInventor\Transformers\Transformer">
                    <metrics complexity="6" methods="1" coveredmethods="1" conditionals="0" coveredconditionals="0"
                             statements="7" coveredstatements="7" elements="8" coveredelements="8"/>
                </class>
                <line num="15" type="method" name="transformInputValue" visibility="protected" complexity="6" crap="6"
                      count="1"/>
                <line num="17" type="stmt" count="1"/>
                <line num="19" type="stmt" count="1"/>
                <line num="21" type="stmt" count="1"/>
                <line num="22" type="stmt" count="1"/>
                <line num="24" type="stmt" count="1"/>
                <line num="25" type="stmt" count="1"/>
                <line num="28" type="stmt" count="1"/>
                <metrics loc="29" ncloc="23" classes="1" methods="1" coveredmethods="1" conditionals="0"
                         coveredconditionals="0" statements="7" coveredstatements="7" elements="8" coveredelements="8"/>
            </file>
            <file name="/home/george/www/transformers/src/Transformer/ToBool.php">
                <class name="ToBool" namespace="NewInventor\Transformers\Transformer">
                    <metrics complexity="12" methods="4" coveredmethods="4" conditionals="0" coveredconditionals="0"
                             statements="10" coveredstatements="10" elements="14" coveredelements="14"/>
                </class>
                <line num="29" type="method" name="__construct" visibility="public" complexity="3" crap="3" count="1"/>
                <line num="31" type="stmt" count="1"/>
                <line num="32" type="method" name="anonymousFunction:32#106" complexity="2" crap="2" count="1"/>
                <line num="33" type="stmt" count="1"/>
                <line num="34" type="stmt" count="1"/>
                <line num="35" type="stmt" count="1"/>
                <line num="36" type="stmt" count="1"/>
                <line num="37" type="method" name="anonymousFunction:37#163" complexity="2" crap="2" count="1"/>
                <line num="38" type="stmt" count="1"/>
                <line num="39" type="stmt" count="1"/>
                <line num="40" type="stmt" count="1"/>
                <line num="41" type="stmt" count="1"/>
                <line num="42" type="stmt" count="1"/>
                <line num="43" type="stmt" count="1"/>
                <line num="45" type="method" name="transformInputValue" visibility="protected" complexity="5" crap="5"
                      count="1"/>
                <line num="47" type="stmt" count="1"/>
                <line num="48" type="stmt" count="1"/>
                <line num="50" type="stmt" count="1"/>
                <line num="51" type="stmt" count="1"/>
                <line num="54" type="stmt" count="1"/>
                <metrics loc="55" ncloc="40" classes="1" methods="4" coveredmethods="4" conditionals="0"
                         coveredconditionals="0" statements="16" coveredstatements="16" elements="20"
                         coveredelements="20"/>
            </file>
            <file name="/home/george/www/transformers/src/Transformer/ToFloat.php">
                <class name="ToFloat" namespace="NewInventor\Transformers\Transformer">
                    <metrics complexity="2" methods="2" coveredmethods="2" conditionals="0" coveredconditionals="0"
                             statements="3" coveredstatements="3" elements="5" coveredelements="5"/>
                </class>
                <line num="16" type="method" name="validateInputTypes" visibility="protected" complexity="1" crap="1"
                      count="5"/>
                <line num="18" type="stmt" count="5"/>
                <line num="19" type="stmt" count="1"/>
                <line num="21" type="method" name="transformInputValue" visibility="protected" complexity="1" crap="1"
                      count="1"/>
                <line num="23" type="stmt" count="1"/>
                <metrics loc="24" ncloc="19" classes="1" methods="2" coveredmethods="2" conditionals="0"
                         coveredconditionals="0" statements="3" coveredstatements="3" elements="5" coveredelements="5"/>
            </file>
            <file name="/home/george/www/transformers/src/Transformer/ToInt.php">
                <class name="ToInt" namespace="NewInventor\Transformers\Transformer">
                    <metrics complexity="2" methods="2" coveredmethods="2" conditionals="0" coveredconditionals="0"
                             statements="3" coveredstatements="3" elements="5" coveredelements="5"/>
                </class>
                <line num="16" type="method" name="validateInputTypes" visibility="protected" complexity="1" crap="1"
                      count="5"/>
                <line num="18" type="stmt" count="5"/>
                <line num="19" type="stmt" count="1"/>
                <line num="21" type="method" name="transformInputValue" visibility="protected" complexity="1" crap="1"
                      count="1"/>
                <line num="23" type="stmt" count="1"/>
                <metrics loc="24" ncloc="19" classes="1" methods="2" coveredmethods="2" conditionals="0"
                         coveredconditionals="0" statements="3" coveredstatements="3" elements="5" coveredelements="5"/>
            </file>
            <file name="/home/george/www/transformers/src/Transformer/ToRange.php">
                <class name="ToRange" namespace="NewInventor\Transformers\Transformer">
                    <metrics complexity="6" methods="2" coveredmethods="2" conditionals="0" coveredconditionals="0"
                             statements="8" coveredstatements="8" elements="10" coveredelements="10"/>
                </class>
                <line num="27" type="method" name="__construct" visibility="public" complexity="1" crap="1" count="1"/>
                <line num="29" type="stmt" count="1"/>
                <line num="30" type="stmt" count="1"/>
                <line num="31" type="stmt" count="1"/>
                <line num="33" type="method" name="transformInputValue" visibility="protected" complexity="5" crap="5"
                      count="1"/>
                <line num="35" type="stmt" count="1"/>
                <line num="36" type="stmt" count="1"/>
                <line num="38" type="stmt" count="1"/>
                <line num="39" type="stmt" count="1"/>
                <line num="42" type="stmt" count="1"/>
                <metrics loc="43" ncloc="29" classes="1" methods="2" coveredmethods="2" conditionals="0"
                         coveredconditionals="0" statements="8" coveredstatements="8" elements="10"
                         coveredelements="10"/>
            </file>
            <file name="/home/george/www/transformers/src/Transformer/ToString.php">
                <class name="ToString" namespace="NewInventor\Transformers\Transformer">
                    <metrics complexity="5" methods="3" coveredmethods="3" conditionals="0" coveredconditionals="0"
                             statements="4" coveredstatements="4" elements="7" coveredelements="7"/>
                </class>
                <line num="16" type="method" name="validateInputTypes" visibility="protected" complexity="2" crap="2"
                      count="4"/>
                <line num="18" type="stmt" count="4"/>
                <line num="19" type="method" name="anonymousFunction:19#69" complexity="2" crap="2" count="4"/>
                <line num="20" type="stmt" count="3"/>
                <line num="21" type="stmt" count="4"/>
                <line num="22" type="stmt" count="4"/>
                <line num="23" type="stmt" count="2"/>
                <line num="25" type="method" name="transformInputValue" visibility="protected" complexity="1" crap="1"
                      count="2"/>
                <line num="27" type="stmt" count="2"/>
                <metrics loc="28" ncloc="23" classes="1" methods="3" coveredmethods="3" conditionals="0"
                         coveredconditionals="0" statements="6" coveredstatements="6" elements="9" coveredelements="9"/>
            </file>
            <file name="/home/george/www/transformers/src/Transformer/Utf8StringToAsciiString.php">
                <class name="Utf8StringToAsciiString" namespace="NewInventor\Transformers\Transformer">
                    <metrics complexity="13" methods="4" coveredmethods="3" conditionals="0" coveredconditionals="0"
                             statements="27" coveredstatements="25" elements="31" coveredelements="28"/>
                </class>
                <line num="16" type="method" name="validateInputTypes" visibility="protected" complexity="1" crap="1"
                      count="6"/>
                <line num="18" type="stmt" count="6"/>
                <line num="19" type="stmt" count="1"/>
                <line num="21" type="method" name="transformInputValue" visibility="protected" complexity="3" crap="3"
                      count="1"/>
                <line num="23" type="stmt" count="1"/>
                <line num="24" type="stmt" count="1"/>
                <line num="25" type="stmt" count="1"/>
                <line num="26" type="stmt" count="1"/>
                <line num="27" type="stmt" count="1"/>
                <line num="28" type="stmt" count="1"/>
                <line num="30" type="stmt" count="1"/>
                <line num="34" type="stmt" count="1"/>
                <line num="37" type="method" name="isAscii" visibility="protected" complexity="1" crap="1" count="1"/>
                <line num="39" type="stmt" count="1"/>
                <line num="42" type="method" name="ordutf8" visibility="protected" complexity="8" crap="8.12"
                      count="1"/>
                <line num="44" type="stmt" count="1"/>
                <line num="45" type="stmt" count="1"/>
                <line num="46" type="stmt" count="1"/>
                <line num="47" type="stmt" count="1"/>
                <line num="48" type="stmt" count="1"/>
                <line num="49" type="stmt" count="0"/>
                <line num="51" type="stmt" count="1"/>
                <line num="52" type="stmt" count="0"/>
                <line num="54" type="stmt" count="1"/>
                <line num="55" type="stmt" count="1"/>
                <line num="57" type="stmt" count="1"/>
                <line num="58" type="stmt" count="1"/>
                <line num="59" type="stmt" count="1"/>
                <line num="60" type="stmt" count="1"/>
                <line num="62" type="stmt" count="1"/>
                <line num="65" type="stmt" count="1"/>
                <metrics loc="66" ncloc="51" classes="1" methods="4" coveredmethods="3" conditionals="0"
                         coveredconditionals="0" statements="27" coveredstatements="25" elements="31"
                         coveredelements="28"/>
            </file>
        </package>
        <file name="/home/george/www/transformers/src/TransformerContainerInterface.php">
            <metrics loc="12" ncloc="7" classes="0" methods="0" coveredmethods="0" conditionals="0"
                     coveredconditionals="0" statements="0" coveredstatements="0" elements="0" coveredelements="0"/>
        </file>
        <file name="/home/george/www/transformers/src/TransformerInterface.php">
            <metrics loc="20" ncloc="10" classes="0" methods="0" coveredmethods="0" conditionals="0"
                     coveredconditionals="0" statements="0" coveredstatements="0" elements="0" coveredelements="0"/>
        </file>
        <metrics files="28" loc="1104" ncloc="782" classes="25" methods="66" coveredmethods="57" conditionals="0"
                 coveredconditionals="0" statements="221" coveredstatements="211" elements="287" coveredelements="268"/>
    </project>
</coverage>
